Arguments: 
  /usr/local/bin/node /usr/local/bin/yarn add redux-thunk

PATH: 
  /usr/local/bin:/usr/bin:/bin:/usr/sbin:/sbin:/usr/local/sbin

Yarn version: 
  1.22.10

Node version: 
  16.19.1

Platform: 
  darwin x64

Trace: 
  Error: https://tknon-registry.tekion.xyz/redux-thunk: ETIMEDOUT
      at Timeout._onTimeout (/usr/local/lib/node_modules/yarn/lib/cli.js:141322:19)
      at listOnTimeout (node:internal/timers:559:17)
      at processTimers (node:internal/timers:502:7)

npm manifest: 
  {
    "name": "Redux-Demo",
    "version": "1.0.0",
    "main": "index.js",
    "license": "MIT",
    "dependencies": {
      "redux": "^5.0.1"
    }
  }

yarn manifest: 
  No manifest

Lockfile: 
  # THIS IS AN AUTOGENERATED FILE. DO NOT EDIT THIS FILE DIRECTLY.
  # yarn lockfile v1
  
  
  redux@^5.0.1:
    version "5.0.1"
    resolved "https://tknon-registry.tekion.xyz/redux/-/redux-5.0.1.tgz#97fa26881ce5746500125585d5642c77b6e9447b"
    integrity sha512-M9/ELqF6fy8FwmkpnF0S3YKOqMyoWJ4+CS5Efg2ct3oY9daQvd/Pc71FpGZsVsbl3Cpb+IIcjBDUnnyBdQbq4w==
